# JRE version: Java(TM) SE Runtime Environment (8.0_151-b12) (build 1.8.0_151-b12)
# Java VM: Java HotSpot(TM) 64-Bit Server VM (25.151-b12 mixed mode linux-amd64 compressed oops)
Heap:
 PSYoungGen      total 794112K, used 302902K [0x0000000580100000, 0x00000005b7980000, 0x0000000800000000)
  eden space 716800K, 31% used [0x0000000580100000,0x000000058dd59f18,0x00000005abd00000)
  from space 77312K, 99% used [0x00000005b2e00000,0x00000005b79739c8,0x00000005b7980000)
  to   space 87040K, 0% used [0x00000005acf80000,0x00000005acf80000,0x00000005b2480000)
 ParOldGen       total 841216K, used 57641K [0x0000000080200000, 0x00000000b3780000, 0x0000000580100000)
  object space 841216K, 6% used [0x0000000080200000,0x0000000083a4a638,0x00000000b3780000)
 Metaspace       used 51334K, capacity 53720K, committed 54056K, reserved 1095680K
  class space    used 6673K, capacity 7093K, committed 7208K, reserved 1048576K
GC Heap History (10 events):
Event: 11.583 GC heap before
{Heap before GC invocations=2 (full 1):
 PSYoungGen      total 611840K, used 48955K [0x0000000580100000, 0x00000005aab80000, 0x0000000800000000)
  eden space 524800K, 0% used [0x0000000580100000,0x0000000580100000,0x00000005a0180000)
  from space 87040K, 56% used [0x00000005a0180000,0x00000005a314efe8,0x00000005a5680000)
  to   space 87040K, 0% used [0x00000005a5680000,0x00000005a5680000,0x00000005aab80000)
 ParOldGen       total 1398272K, used 88K [0x0000000080200000, 0x00000000d5780000, 0x0000000580100000)
  object space 1398272K, 0% used [0x0000000080200000,0x0000000080216010,0x00000000d5780000)
 Metaspace       used 20596K, capacity 21258K, committed 21296K, reserved 1067008K
  class space    used 2751K, capacity 2938K, committed 2944K, reserved 1048576K
Event: 11.625 GC heap after
Heap after GC invocations=2 (full 1):
 PSYoungGen      total 611840K, used 0K [0x0000000580100000, 0x00000005aab80000, 0x0000000800000000)
  eden space 524800K, 0% used [0x0000000580100000,0x0000000580100000,0x00000005a0180000)
  from space 87040K, 0% used [0x00000005a0180000,0x00000005a0180000,0x00000005a5680000)
  to   space 87040K, 0% used [0x00000005a5680000,0x00000005a5680000,0x00000005aab80000)
 ParOldGen       total 571392K, used 46342K [0x0000000080200000, 0x00000000a3000000, 0x0000000580100000)
  object space 571392K, 8% used [0x0000000080200000,0x0000000082f418b0,0x00000000a3000000)
 Metaspace       used 20596K, capacity 21258K, committed 21296K, reserved 1067008K
  class space    used 2751K, capacity 2938K, committed 2944K, reserved 1048576K
}
Event: 21.251 GC heap before
{Heap before GC invocations=3 (full 1):
 PSYoungGen      total 611840K, used 422538K [0x0000000580100000, 0x00000005aab80000, 0x0000000800000000)
  eden space 524800K, 80% used [0x0000000580100000,0x0000000599da2a00,0x00000005a0180000)
  from space 87040K, 0% used [0x00000005a0180000,0x00000005a0180000,0x00000005a5680000)
  to   space 87040K, 0% used [0x00000005a5680000,0x00000005a5680000,0x00000005aab80000)
 ParOldGen       total 571392K, used 46342K [0x0000000080200000, 0x00000000a3000000, 0x0000000580100000)
  object space 571392K, 8% used [0x0000000080200000,0x0000000082f418b0,0x00000000a3000000)
 Metaspace       used 34300K, capacity 35366K, committed 35496K, reserved 1079296K
  class space    used 4533K, capacity 4766K, committed 4776K, reserved 1048576K
Event: 21.374 GC heap after
Heap after GC invocations=3 (full 1):
 PSYoungGen      total 611840K, used 52689K [0x0000000580100000, 0x00000005c1b00000, 0x0000000800000000)
  eden space 524800K, 0% used [0x0000000580100000,0x0000000580100000,0x00000005a0180000)
  from space 87040K, 60% used [0x00000005a5680000,0x00000005a89f4770,0x00000005aab80000)
  to   space 87040K, 0% used [0x00000005a0180000,0x00000005a0180000,0x00000005a5680000)
 ParOldGen       total 571392K, used 46350K [0x0000000080200000, 0x00000000a3000000, 0x0000000580100000)
  object space 571392K, 8% used [0x0000000080200000,0x0000000082f438b0,0x00000000a3000000)
 Metaspace       used 34300K, capacity 35366K, committed 35496K, reserved 1079296K
  class space    used 4533K, capacity 4766K, committed 4776K, reserved 1048576K
}
Event: 21.374 GC heap before
{Heap before GC invocations=4 (full 2):
 PSYoungGen      total 611840K, used 52689K [0x0000000580100000, 0x00000005c1b00000, 0x0000000800000000)
  eden space 524800K, 0% used [0x0000000580100000,0x0000000580100000,0x00000005a0180000)
  from space 87040K, 60% used [0x00000005a5680000,0x00000005a89f4770,0x00000005aab80000)
  to   space 87040K, 0% used [0x00000005a0180000,0x00000005a0180000,0x00000005a5680000)
 ParOldGen       total 571392K, used 46350K [0x0000000080200000, 0x00000000a3000000, 0x0000000580100000)
  object space 571392K, 8% used [0x0000000080200000,0x0000000082f438b0,0x00000000a3000000)
 Metaspace       used 34300K, capacity 35366K, committed 35496K, reserved 1079296K
  class space    used 4533K, capacity 4766K, committed 4776K, reserved 1048576K
Event: 21.513 GC heap after
Heap after GC invocations=4 (full 2):
 PSYoungGen      total 611840K, used 0K [0x0000000580100000, 0x00000005c1b00000, 0x0000000800000000)
  eden space 524800K, 0% used [0x0000000580100000,0x0000000580100000,0x00000005a0180000)
  from space 87040K, 0% used [0x00000005a5680000,0x00000005a5680000,0x00000005aab80000)
  to   space 87040K, 0% used [0x00000005a0180000,0x00000005a0180000,0x00000005a5680000)
 ParOldGen       total 841216K, used 57617K [0x0000000080200000, 0x00000000b3780000, 0x0000000580100000)
  object space 841216K, 6% used [0x0000000080200000,0x0000000083a44638,0x00000000b3780000)
 Metaspace       used 34300K, capacity 35366K, committed 35496K, reserved 1079296K
  class space    used 4533K, capacity 4766K, committed 4776K, reserved 1048576K
}
Event: 37.577 GC heap before
{Heap before GC invocations=5 (full 2):
 PSYoungGen      total 611840K, used 524800K [0x0000000580100000, 0x00000005c1b00000, 0x0000000800000000)
  eden space 524800K, 100% used [0x0000000580100000,0x00000005a0180000,0x00000005a0180000)
  from space 87040K, 0% used [0x00000005a5680000,0x00000005a5680000,0x00000005aab80000)
  to   space 87040K, 0% used [0x00000005a0180000,0x00000005a0180000,0x00000005a5680000)
 ParOldGen       total 841216K, used 57617K [0x0000000080200000, 0x00000000b3780000, 0x0000000580100000)
  object space 841216K, 6% used [0x0000000080200000,0x0000000083a44638,0x00000000b3780000)
 Metaspace       used 49108K, capacity 51144K, committed 51496K, reserved 1093632K
  class space    used 6436K, capacity 6825K, committed 6952K, reserved 1048576K
Event: 37.592 GC heap after
Heap after GC invocations=5 (full 2):
 PSYoungGen      total 611840K, used 31461K [0x0000000580100000, 0x00000005b8300000, 0x0000000800000000)
  eden space 524800K, 0% used [0x0000000580100000,0x0000000580100000,0x00000005a0180000)
  from space 87040K, 36% used [0x00000005a0180000,0x00000005a20397a0,0x00000005a5680000)
  to   space 87040K, 0% used [0x00000005b2e00000,0x00000005b2e00000,0x00000005b8300000)
 ParOldGen       total 841216K, used 57633K [0x0000000080200000, 0x00000000b3780000, 0x0000000580100000)
  object space 841216K, 6% used [0x0000000080200000,0x0000000083a48638,0x00000000b3780000)
 Metaspace       used 49108K, capacity 51144K, committed 51496K, reserved 1093632K
  class space    used 6436K, capacity 6825K, committed 6952K, reserved 1048576K
}
Event: 71.148 GC heap before
{Heap before GC invocations=6 (full 2):
 PSYoungGen      total 611840K, used 556261K [0x0000000580100000, 0x00000005b8300000, 0x0000000800000000)
  eden space 524800K, 100% used [0x0000000580100000,0x00000005a0180000,0x00000005a0180000)
  from space 87040K, 36% used [0x00000005a0180000,0x00000005a20397a0,0x00000005a5680000)
  to   space 87040K, 0% used [0x00000005b2e00000,0x00000005b2e00000,0x00000005b8300000)
 ParOldGen       total 841216K, used 57633K [0x0000000080200000, 0x00000000b3780000, 0x0000000580100000)
  object space 841216K, 6% used [0x0000000080200000,0x0000000083a48638,0x00000000b3780000)
 Metaspace       used 51208K, capacity 53586K, committed 53800K, reserved 1095680K
  class space    used 6671K, capacity 7092K, committed 7208K, reserved 1048576K
Event: 71.187 GC heap after
Heap after GC invocations=6 (full 2):
 PSYoungGen      total 794112K, used 77262K [0x0000000580100000, 0x00000005b7980000, 0x0000000800000000)
  eden space 716800K, 0% used [0x0000000580100000,0x0000000580100000,0x00000005abd00000)
  from space 77312K, 99% used [0x00000005b2e00000,0x00000005b79739c8,0x00000005b7980000)
  to   space 87040K, 0% used [0x00000005acf80000,0x00000005acf80000,0x00000005b2480000)
 ParOldGen       total 841216K, used 57641K [0x0000000080200000, 0x00000000b3780000, 0x0000000580100000)
  object space 841216K, 6% used [0x0000000080200000,0x0000000083a4a638,0x00000000b3780000)
 Metaspace       used 51208K, capacity 53586K, committed 53800K, reserved 1095680K
  class space    used 6671K, capacity 7092K, committed 7208K, reserved 1048576K
}

